STAR version=2.7.5c
STAR compilation time,server,dir=Sun Aug 16 18:27:20 EDT 2020 vega:/home/dobin/data/STAR/STARcode/STAR.master/source
##### Command Line:
STAR --runMode genomeGenerate --genomeDir dm3 --genomeFastaFiles /var/lib/cwl/stg9fdd0412-a971-435f-a245-729f75a3237a/chr4.fa --genomeSAindexNbases 10 --sjdbGTFfile /var/lib/cwl/stgbdb4459a-b16f-4ed0-86a7-7278dcef839d/dm3_chr4.gtf --sjdbOverhang 100 --runThreadN 2
##### Initial USER parameters from Command Line:
###### All USER parameters from Command Line:
runMode                       genomeGenerate     ~RE-DEFINED
genomeDir                     dm3     ~RE-DEFINED
genomeFastaFiles              /var/lib/cwl/stg9fdd0412-a971-435f-a245-729f75a3237a/chr4.fa        ~RE-DEFINED
genomeSAindexNbases           10     ~RE-DEFINED
sjdbGTFfile                   /var/lib/cwl/stgbdb4459a-b16f-4ed0-86a7-7278dcef839d/dm3_chr4.gtf     ~RE-DEFINED
sjdbOverhang                  100     ~RE-DEFINED
runThreadN                    2     ~RE-DEFINED
##### Finished reading parameters from all sources

##### Final user re-defined parameters-----------------:
runMode                           genomeGenerate
runThreadN                        2
genomeDir                         dm3
genomeFastaFiles                  /var/lib/cwl/stg9fdd0412-a971-435f-a245-729f75a3237a/chr4.fa   
genomeSAindexNbases               10
sjdbGTFfile                       /var/lib/cwl/stgbdb4459a-b16f-4ed0-86a7-7278dcef839d/dm3_chr4.gtf
sjdbOverhang                      100

-------------------------------
##### Final effective command line:
STAR   --runMode genomeGenerate   --runThreadN 2   --genomeDir dm3   --genomeFastaFiles /var/lib/cwl/stg9fdd0412-a971-435f-a245-729f75a3237a/chr4.fa      --genomeSAindexNbases 10   --sjdbGTFfile /var/lib/cwl/stgbdb4459a-b16f-4ed0-86a7-7278dcef839d/dm3_chr4.gtf   --sjdbOverhang 100
----------------------------------------

Number of fastq files for each mate = 1
Finished loading and checking parameters
--genomeDir directory exists and will be overwritten: dm3/
Sep 15 14:02:19 ... starting to generate Genome files
/var/lib/cwl/stg9fdd0412-a971-435f-a245-729f75a3237a/chr4.fa : chr # 0  "chr4" chrStart: 0
Chromosome sequence lengths: 
chr4	1351857
Genome sequence total length = 1351857
Genome size with padding = 1572864
Sep 15 14:02:19 ..... processing annotations GTF
Processing pGe.sjdbGTFfile=/var/lib/cwl/stgbdb4459a-b16f-4ed0-86a7-7278dcef839d/dm3_chr4.gtf, found:
		328 transcripts
		3110 exons (non-collapsed)
		892 collapsed junctions
Total junctions: 892
Sep 15 14:02:19 ..... finished GTF processing

!!!!! WARNING: --genomeSAindexNbases 10 is too large for the genome size=1351857, which may cause seg-fault at the mapping step. Re-run genome generation with recommended --genomeSAindexNbases 9
Estimated genome size with padding and SJs: total=genome+SJ=202572864 = 1572864 + 201000000
GstrandBit=32
Number of SA indices: 2703514
Sep 15 14:02:19 ... starting to sort Suffix Array. This may take a long time...
Number of chunks: 1;   chunks size limit: 21628112 bytes
Sep 15 14:02:19 ... sorting Suffix Array chunks and saving them to disk...
Writing 21628112 bytes into dm3//SA_0 ; empty space on disk = 24744319516672 bytes ... done
Sep 15 14:02:20 ... loading chunks from disk, packing SA...
Sep 15 14:02:20 ... finished generating suffix array
Sep 15 14:02:20 ... generating Suffix Array index
Sep 15 14:02:20 ... completed Suffix Array index
Sep 15 14:02:20   Finished preparing junctions
Sep 15 14:02:20 ..... inserting junctions into the genome indices
Sep 15 14:02:20   Finished SA search: number of new junctions=892, old junctions=0
Sep 15 14:02:20   Finished sorting SA indicesL nInd=356800
Genome size with junctions=1752156  1572864   179292
GstrandBit1=32   GstrandBit=32
Sep 15 14:02:20   Finished inserting junction indices
Sep 15 14:02:20   Finished SAi
Sep 15 14:02:20 ..... finished inserting junctions into genome
Sep 15 14:02:20 ... writing Genome to disk ...
Writing 1752156 bytes into dm3//Genome ; empty space on disk = 24744307982336 bytes ... done
SA size in bytes: 12623799
Sep 15 14:02:20 ... writing Suffix Array to disk ...
Writing 12623799 bytes into dm3//SA ; empty space on disk = 24743859191808 bytes ... done
Sep 15 14:02:20 ... writing SAindex to disk
Writing 8 bytes into dm3//SAindex ; empty space on disk = 24740627480576 bytes ... done
Writing 88 bytes into dm3//SAindex ; empty space on disk = 24740627480576 bytes ... done
Writing 6116691 bytes into dm3//SAindex ; empty space on disk = 24740627480576 bytes ... done
Sep 15 14:02:20 ..... finished successfully
DONE: Genome generation, EXITING
