                                 Started job on |	Feb 12 12:29:35
                             Started mapping on |	Feb 12 12:29:35
                                    Finished on |	Feb 12 12:29:35
       Mapping speed, Million of reads per hour |	inf

                          Number of input reads |	125
                      Average input read length |	74
                                    UNIQUE READS:
                   Uniquely mapped reads number |	94
                        Uniquely mapped reads % |	75.20%
                          Average mapped length |	69.40
                       Number of splices: Total |	9
            Number of splices: Annotated (sjdb) |	7
                       Number of splices: GT/AG |	8
                       Number of splices: GC/AG |	1
                       Number of splices: AT/AC |	0
               Number of splices: Non-canonical |	0
                      Mismatch rate per base, % |	4.28%
                         Deletion rate per base |	0.00%
                        Deletion average length |	0.00
                        Insertion rate per base |	0.00%
                       Insertion average length |	0.00
                             MULTI-MAPPING READS:
        Number of reads mapped to multiple loci |	0
             % of reads mapped to multiple loci |	0.00%
        Number of reads mapped to too many loci |	5
             % of reads mapped to too many loci |	4.00%
                                  UNMAPPED READS:
       % of reads unmapped: too many mismatches |	0.00%
                 % of reads unmapped: too short |	20.00%
                     % of reads unmapped: other |	0.80%
                                  CHIMERIC READS:
                       Number of chimeric reads |	0
                            % of chimeric reads |	0.00%
